<?xml version="1.0" encoding="UTF-8"?>
<testng-results skipped="0" failed="0" ignored="0" total="1" passed="1">
  <reporter-output>
  </reporter-output>
  <suite name="Surefire suite" duration-ms="184" started-at="2020-05-31T11:46:03 IST" finished-at="2020-05-31T11:46:03 IST">
    <groups>
    </groups>
    <test name="Surefire test" duration-ms="184" started-at="2020-05-31T11:46:03 IST" finished-at="2020-05-31T11:46:03 IST">
      <class name="PracticeDemo.AppiumFramework.AppTest">
        <test-method status="PASS" signature="shouldAnswerWithTrue()" name="shouldAnswerWithTrue" duration-ms="30" started-at="2020-05-31T11:46:03 IST" finished-at="2020-05-31T11:46:03 IST">
          <reporter-output>
          </reporter-output>
        </test-method> <!-- shouldAnswerWithTrue -->
      </class> <!-- PracticeDemo.AppiumFramework.AppTest -->
    </test> <!-- Surefire test -->
  </suite> <!-- Surefire suite -->
</testng-results>
