<?xml version="1.0" encoding="UTF-8"?>
<testng-results skipped="0" failed="0" ignored="0" total="1" passed="1">
  <reporter-output>
  </reporter-output>
  <suite name="Surefire suite" duration-ms="63784" started-at="2020-06-07T11:45:25 IST" finished-at="2020-06-07T11:46:29 IST">
    <groups>
    </groups>
    <test name="Surefire test" duration-ms="63784" started-at="2020-06-07T11:45:25 IST" finished-at="2020-06-07T11:46:29 IST">
      <class name="PracticeDemo.AppiumFramework.ToroAndroidAppTest">
        <test-method status="PASS" signature="Tutorial()[pri:0, instance:PracticeDemo.AppiumFramework.ToroAndroidAppTest@2a556333]" name="Tutorial" duration-ms="63747" started-at="2020-06-07T11:45:25 IST" finished-at="2020-06-07T11:46:29 IST">
          <reporter-output>
          </reporter-output>
        </test-method> <!-- Tutorial -->
      </class> <!-- PracticeDemo.AppiumFramework.ToroAndroidAppTest -->
    </test> <!-- Surefire test -->
  </suite> <!-- Surefire suite -->
</testng-results>
