<?xml version="1.0" encoding="UTF-8"?>
<testng-results skipped="0" failed="0" ignored="0" total="1" passed="1">
  <reporter-output>
  </reporter-output>
  <suite name="Surefire suite" duration-ms="66341" started-at="2020-05-31T11:44:56 IST" finished-at="2020-05-31T11:46:03 IST">
    <groups>
    </groups>
    <test name="Surefire test" duration-ms="66341" started-at="2020-05-31T11:44:56 IST" finished-at="2020-05-31T11:46:03 IST">
      <class name="PracticeDemo.AppiumFramework.ToroAndroidAppTest">
        <test-method status="PASS" signature="Login()[pri:0, instance:PracticeDemo.AppiumFramework.ToroAndroidAppTest@2a556333]" name="Login" duration-ms="66249" started-at="2020-05-31T11:44:56 IST" finished-at="2020-05-31T11:46:03 IST">
          <reporter-output>
          </reporter-output>
        </test-method> <!-- Login -->
      </class> <!-- PracticeDemo.AppiumFramework.ToroAndroidAppTest -->
    </test> <!-- Surefire test -->
  </suite> <!-- Surefire suite -->
</testng-results>
