<?xml version="1.0" encoding="UTF-8"?>
<testsuite xmlns:xsi="http://www.w3.org/2001/XMLSchema-instance" xsi:noNamespaceSchemaLocation="https://maven.apache.org/surefire/maven-surefire-plugin/xsd/surefire-test-report.xsd" name="TestSuite" time="67.646" tests="2" errors="0" skipped="0" failures="0">
  <properties>
[...]
</properties>
  <testcase name="Login" classname="PracticeDemo.AppiumFramework.ToroAndroidAppTest" time="66.275"/>
  <testcase name="shouldAnswerWithTrue on shouldAnswerWithTrue(PracticeDemo.AppiumFramework.AppTest)" classname="PracticeDemo.AppiumFramework.AppTest" time="0.003"/>
</testsuite>