<?xml version="1.0" encoding="UTF-8"?>
<testng-results skipped="0" failed="0" ignored="0" total="1" passed="1">
  <reporter-output>
  </reporter-output>
  <suite name="Default suite" duration-ms="48256" started-at="2020-05-30T19:02:44 IST" finished-at="2020-05-30T19:03:32 IST">
    <groups>
    </groups>
    <test name="Default test" duration-ms="48256" started-at="2020-05-30T19:02:44 IST" finished-at="2020-05-30T19:03:32 IST">
      <class name="PracticeDemo.AppiumFramework.ToroAndroidApp">
        <test-method status="PASS" signature="Login()[pri:0, instance:PracticeDemo.AppiumFramework.ToroAndroidApp@12f41634]" name="Login" duration-ms="48187" started-at="2020-05-30T19:02:44 IST" finished-at="2020-05-30T19:03:32 IST">
          <reporter-output>
          </reporter-output>
        </test-method> <!-- Login -->
      </class> <!-- PracticeDemo.AppiumFramework.ToroAndroidApp -->
    </test> <!-- Default test -->
  </suite> <!-- Default suite -->
</testng-results>
