<?xml version="1.0" encoding="UTF-8"?>
<testng-results skipped="0" failed="0" ignored="0" total="1" passed="1">
  <reporter-output>
  </reporter-output>
  <suite name="Default suite" duration-ms="72243" started-at="2020-06-07T11:41:52 IST" finished-at="2020-06-07T11:43:04 IST">
    <groups>
    </groups>
    <test name="Default test" duration-ms="72243" started-at="2020-06-07T11:41:52 IST" finished-at="2020-06-07T11:43:04 IST">
      <class name="PracticeDemo.AppiumFramework.ToroAndroidAppTest">
        <test-method status="PASS" signature="Tutorial()[pri:0, instance:PracticeDemo.AppiumFramework.ToroAndroidAppTest@3578436e]" name="Tutorial" duration-ms="72169" started-at="2020-06-07T11:41:52 IST" finished-at="2020-06-07T11:43:04 IST">
          <reporter-output>
          </reporter-output>
        </test-method> <!-- Tutorial -->
      </class> <!-- PracticeDemo.AppiumFramework.ToroAndroidAppTest -->
    </test> <!-- Default test -->
  </suite> <!-- Default suite -->
</testng-results>
